<?xml version="1.0" encoding="UTF-8"?>
<!-- Generated by org.testng.reporters.JUnitReportReporter -->
<testsuite hostname="PF0X4X6X-BLR" failures="0" tests="1" name="in.licious.test.ValidLoginTest" time="0.000" errors="0" timestamp="27 Dec 2018 18:25:32 GMT" skipped="1">
  <testcase classname="in.licious.test.ValidLoginTest" name="testValidLoginTest1" time="0.000">
    <skipped/>
  </testcase> <!-- testValidLoginTest1 -->
</testsuite> <!-- in.licious.test.ValidLoginTest -->
