<?xml version="1.0" encoding="UTF-8"?>
<!-- Generated by org.testng.reporters.JUnitReportReporter -->
<testsuite hostname="PF0X4X6X-BLR" failures="0" tests="1" name="in.licious.test.TestLogin" time="11.489" errors="0" timestamp="02 Jan 2019 06:46:19 GMT" skipped="0">
  <testcase classname="in.licious.test.TestLogin" name="testTestLogin" time="11.489"/>
</testsuite> <!-- in.licious.test.TestLogin -->
